<?xml version="1.0" encoding="UTF-8"?>
<!-- Generated by org.testng.reporters.JUnitXMLReporter -->
<testsuite hostname="DESKTOP-2LKK6QT" ignored="0" name="Command line test" tests="4" failures="1" timestamp="27 Jun 2020 19:32:38 GMT" time="42.439" errors="0">
  <testcase name="AccountTest" time="11.813" classname="TestNG.HybridLoginTest"/>
  <testcase name="AccountTest" time="8.555" classname="TestNG.HybridLoginTest"/>
  <testcase name="AccountTest" time="8.088" classname="TestNG.HybridLoginTest"/>
  <testcase name="AccountTest" time="7.301" classname="TestNG.HybridLoginTest">
    <failure type="java.lang.AssertionError" message="null">
      <![CDATA[java.lang.AssertionError: null
at etsy.engine.WebOperation.perform(WebOperation.java:105)
at TestNG.HybridLoginTest.AccountTest(HybridLoginTest.java:81)
... Removed 36 stack frames]]>
    </failure>
  </testcase> <!-- AccountTest -->
</testsuite> <!-- Command line test -->
